<!DOCTYPE html PUBLIC "-//W3C//DTD XHTML 1.1//EN" "http://www.w3.org/TR/xhtml11/DTD/xhtml11.dtd">
<html xmlns="http://www.w3.org/1999/xhtml">
<head>
<meta http-equiv="content-type" content="text/html; charset=UTF-8"/>
<title>TestNG Report</title>
<style type="text/css">table {margin-bottom:10px;border-collapse:collapse;empty-cells:show}th,td {border:1px solid #009;padding:.25em .5em}th {vertical-align:bottom}td {vertical-align:top}table a {font-weight:bold}.stripe td {background-color: #E6EBF9}.num {text-align:right}.passedodd td {background-color: #3F3}.passedeven td {background-color: #0A0}.skippedodd td {background-color: #DDD}.skippedeven td {background-color: #CCC}.failedodd td,.attn {background-color: #F33}.failedeven td,.stripe .attn {background-color: #D00}.stacktrace {white-space:pre;font-family:monospace}.totop {font-size:85%;text-align:center;border-bottom:2px solid #000}.invisible {display:none}</style>
</head>
<body>
<table>
<tr><th>Test</th><th># Passed</th><th># Skipped</th><th># Failed</th><th>Time (ms)</th><th>Included Groups</th><th>Excluded Groups</th></tr>
<tr><th colspan="7">TestNG Concepts</th></tr>
<tr><td><a href="#t0">Different class execute</a></td><td class="num">8</td><td class="num attn">1</td><td class="num">0</td><td class="num">661</td><td></td><td></td></tr>
</table>
<table id='summary'><thead><tr><th>Class</th><th>Method</th><th>Start</th><th>Time (ms)</th></tr></thead><tbody><tr><th colspan="4">TestNG Concepts</th></tr></tbody><tbody id="t0"><tr><th colspan="4">Different class execute &#8212; failed (configuration methods)</th></tr><tr class="failedeven"><td rowspan="1">TestNG_FrameWork.FreeCrmLoginTest</td><td><a href="#m0">enterurl</a></td><td rowspan="1">1534494998768</td><td rowspan="1">457</td></tr><tr><th colspan="4">Different class execute &#8212; skipped (configuration methods)</th></tr><tr class="skippedeven"><td rowspan="6">TestNG_FrameWork.FreeCrmLoginTest</td><td><a href="#m1">deletecookies</a></td><td rowspan="2">1534494999307</td><td rowspan="2">0</td></tr><tr class="skippedeven"><td><a href="#m2">deletecookies</a></td></tr><tr class="skippedeven"><td><a href="#m3">logout</a></td><td rowspan="1">1534494999243</td><td rowspan="1">0</td></tr><tr class="skippedeven"><td><a href="#m4">printreport</a></td><td rowspan="2">1534494999816</td><td rowspan="2">0</td></tr><tr class="skippedeven"><td><a href="#m5">printreport</a></td></tr><tr class="skippedeven"><td><a href="#m6">unused_3</a></td><td rowspan="1">1534494999247</td><td rowspan="1">0</td></tr><tr><th colspan="4">Different class execute &#8212; skipped</th></tr><tr class="skippedeven"><td rowspan="1">TestNG_FrameWork.FreeCrmLoginTest</td><td><a href="#m7">logindetails</a></td><td rowspan="1">1534494999236</td><td rowspan="1">0</td></tr><tr><th colspan="4">Different class execute &#8212; passed</th></tr><tr class="passedeven"><td rowspan="1">TestNG_FrameWork.ExceptionTimeout</td><td><a href="#m8">test1</a></td><td rowspan="1">1534494998735</td><td rowspan="1">16</td></tr><tr class="passedodd"><td rowspan="5">TestNG_FrameWork.InvocationCount</td><td><a href="#m9">sum</a></td><td rowspan="5">1534494999265</td><td rowspan="5">2</td></tr><tr class="passedodd"><td><a href="#m10">sum</a></td></tr><tr class="passedodd"><td><a href="#m11">sum</a></td></tr><tr class="passedodd"><td><a href="#m12">sum</a></td></tr><tr class="passedodd"><td><a href="#m13">sum</a></td></tr><tr class="passedeven"><td rowspan="2">TestNG_FrameWork.TestNG_Basic</td><td><a href="#m14">getTitle</a></td><td rowspan="1">1534494999275</td><td rowspan="1">2</td></tr><tr class="passedeven"><td><a href="#m15">searchText</a></td><td rowspan="1">1534494999281</td><td rowspan="1">2</td></tr></tbody>
</table>
<h2>Different class execute</h2><h3 id="m0">TestNG_FrameWork.FreeCrmLoginTest#enterurl</h3><table class="result"><tr><th>Exception</th></tr><tr><td><div class="stacktrace">java.lang.IllegalStateException: The driver executable does not exist: C:\Users\Swastik Computers\workspace_ee\TDD_Frame\drivers\chromedriver.exe
	at com.google.common.base.Preconditions.checkState(Preconditions.java:585)
	at org.openqa.selenium.remote.service.DriverService.checkExecutable(DriverService.java:137)
	at org.openqa.selenium.remote.service.DriverService.findExecutable(DriverService.java:132)
	at org.openqa.selenium.chrome.ChromeDriverService.access$000(ChromeDriverService.java:35)
	at org.openqa.selenium.chrome.ChromeDriverService$Builder.findDefaultExecutable(ChromeDriverService.java:156)
	at org.openqa.selenium.remote.service.DriverService$Builder.build(DriverService.java:346)
	at org.openqa.selenium.chrome.ChromeDriverService.createDefaultService(ChromeDriverService.java:91)
	at org.openqa.selenium.chrome.ChromeDriver.&lt;init&gt;(ChromeDriver.java:123)
	at TestNG_FrameWork.FreeCrmLoginTest.enterurl(FreeCrmLoginTest.java:42)
... Removed 28 stack frames</div></td></tr></table><p class="totop"><a href="#summary">back to summary</a></p>
<h3 id="m1">TestNG_FrameWork.FreeCrmLoginTest#deletecookies</h3><table class="result"><tr><th class="invisible"/></tr></table><p class="totop"><a href="#summary">back to summary</a></p>
<h3 id="m2">TestNG_FrameWork.FreeCrmLoginTest#deletecookies</h3><table class="result"><tr><th class="invisible"/></tr></table><p class="totop"><a href="#summary">back to summary</a></p>
<h3 id="m3">TestNG_FrameWork.FreeCrmLoginTest#logout</h3><table class="result"><tr><th class="invisible"/></tr></table><p class="totop"><a href="#summary">back to summary</a></p>
<h3 id="m4">TestNG_FrameWork.FreeCrmLoginTest#printreport</h3><table class="result"><tr><th class="invisible"/></tr></table><p class="totop"><a href="#summary">back to summary</a></p>
<h3 id="m5">TestNG_FrameWork.FreeCrmLoginTest#printreport</h3><table class="result"><tr><th class="invisible"/></tr></table><p class="totop"><a href="#summary">back to summary</a></p>
<h3 id="m6">TestNG_FrameWork.FreeCrmLoginTest#unused_3</h3><table class="result"><tr><th class="invisible"/></tr></table><p class="totop"><a href="#summary">back to summary</a></p>
<h3 id="m7">TestNG_FrameWork.FreeCrmLoginTest#logindetails</h3><table class="result"><tr><th>Exception</th></tr><tr><td><div class="stacktrace">java.lang.IllegalStateException: The driver executable does not exist: C:\Users\Swastik Computers\workspace_ee\TDD_Frame\drivers\chromedriver.exe
	at com.google.common.base.Preconditions.checkState(Preconditions.java:585)
	at org.openqa.selenium.remote.service.DriverService.checkExecutable(DriverService.java:137)
	at org.openqa.selenium.remote.service.DriverService.findExecutable(DriverService.java:132)
	at org.openqa.selenium.chrome.ChromeDriverService.access$000(ChromeDriverService.java:35)
	at org.openqa.selenium.chrome.ChromeDriverService$Builder.findDefaultExecutable(ChromeDriverService.java:156)
	at org.openqa.selenium.remote.service.DriverService$Builder.build(DriverService.java:346)
	at org.openqa.selenium.chrome.ChromeDriverService.createDefaultService(ChromeDriverService.java:91)
	at org.openqa.selenium.chrome.ChromeDriver.&lt;init&gt;(ChromeDriver.java:123)
	at TestNG_FrameWork.FreeCrmLoginTest.enterurl(FreeCrmLoginTest.java:42)
... Removed 28 stack frames</div></td></tr></table><p class="totop"><a href="#summary">back to summary</a></p>
<h3 id="m8">TestNG_FrameWork.ExceptionTimeout#test1</h3><table class="result"><tr><th>Expected Exception</th></tr><tr><td><div class="stacktrace">java.lang.NumberFormatException: For input string: &quot;123a&quot;
	at java.lang.NumberFormatException.forInputString(Unknown Source)
	at java.lang.Integer.parseInt(Unknown Source)
	at java.lang.Integer.parseInt(Unknown Source)
	at TestNG_FrameWork.ExceptionTimeout.test1(ExceptionTimeout.java:19)
... Removed 25 stack frames</div></td></tr></table><p class="totop"><a href="#summary">back to summary</a></p>
<h3 id="m9">TestNG_FrameWork.InvocationCount#sum</h3><table class="result"><tr><th class="invisible"/></tr></table><p class="totop"><a href="#summary">back to summary</a></p>
<h3 id="m10">TestNG_FrameWork.InvocationCount#sum</h3><table class="result"><tr><th class="invisible"/></tr></table><p class="totop"><a href="#summary">back to summary</a></p>
<h3 id="m11">TestNG_FrameWork.InvocationCount#sum</h3><table class="result"><tr><th class="invisible"/></tr></table><p class="totop"><a href="#summary">back to summary</a></p>
<h3 id="m12">TestNG_FrameWork.InvocationCount#sum</h3><table class="result"><tr><th class="invisible"/></tr></table><p class="totop"><a href="#summary">back to summary</a></p>
<h3 id="m13">TestNG_FrameWork.InvocationCount#sum</h3><table class="result"><tr><th class="invisible"/></tr></table><p class="totop"><a href="#summary">back to summary</a></p>
<h3 id="m14">TestNG_FrameWork.TestNG_Basic#getTitle</h3><table class="result"><tr><th class="invisible"/></tr></table><p class="totop"><a href="#summary">back to summary</a></p>
<h3 id="m15">TestNG_FrameWork.TestNG_Basic#searchText</h3><table class="result"><tr><th class="invisible"/></tr></table><p class="totop"><a href="#summary">back to summary</a></p>
</body>
</html>
