<?xml version="1.0" encoding="UTF-8"?>
<testng-results skipped="1" failed="0" ignored="0" total="9" passed="8">
  <reporter-output>
  </reporter-output>
  <suite name="TestNG Concepts" duration-ms="661" started-at="2018-08-17T08:36:38Z" finished-at="2018-08-17T08:36:39Z">
    <groups>
    </groups>
    <test name="Different class execute" duration-ms="661" started-at="2018-08-17T08:36:38Z" finished-at="2018-08-17T08:36:39Z">
      <class name="TestNG_FrameWork.ExceptionTimeout">
        <test-method status="PASS" signature="test1()[pri:0, instance:TestNG_FrameWork.ExceptionTimeout@480bdb19]" name="test1" duration-ms="16" started-at="2018-08-17T08:36:38Z" finished-at="2018-08-17T08:36:38Z">
          <exception class="java.lang.NumberFormatException">
            <message>
              <![CDATA[For input string: "123a"]]>
            </message>
            <full-stacktrace>
              <![CDATA[java.lang.NumberFormatException: For input string: "123a"
at java.lang.NumberFormatException.forInputString(Unknown Source)
at java.lang.Integer.parseInt(Unknown Source)
at java.lang.Integer.parseInt(Unknown Source)
at TestNG_FrameWork.ExceptionTimeout.test1(ExceptionTimeout.java:19)
at sun.reflect.NativeMethodAccessorImpl.invoke0(Native Method)
at sun.reflect.NativeMethodAccessorImpl.invoke(Unknown Source)
at sun.reflect.DelegatingMethodAccessorImpl.invoke(Unknown Source)
at java.lang.reflect.Method.invoke(Unknown Source)
at org.testng.internal.MethodInvocationHelper.invokeMethod(MethodInvocationHelper.java:124)
at org.testng.internal.Invoker.invokeMethod(Invoker.java:580)
at org.testng.internal.Invoker.invokeTestMethod(Invoker.java:716)
at org.testng.internal.Invoker.invokeTestMethods(Invoker.java:988)
at org.testng.internal.TestMethodWorker.invokeTestMethods(TestMethodWorker.java:125)
at org.testng.internal.TestMethodWorker.run(TestMethodWorker.java:109)
at org.testng.TestRunner.privateRun(TestRunner.java:648)
at org.testng.TestRunner.run(TestRunner.java:505)
at org.testng.SuiteRunner.runTest(SuiteRunner.java:455)
at org.testng.SuiteRunner.runSequentially(SuiteRunner.java:450)
at org.testng.SuiteRunner.privateRun(SuiteRunner.java:415)
at org.testng.SuiteRunner.run(SuiteRunner.java:364)
at org.testng.SuiteRunnerWorker.runSuite(SuiteRunnerWorker.java:52)
at org.testng.SuiteRunnerWorker.run(SuiteRunnerWorker.java:84)
at org.testng.TestNG.runSuitesSequentially(TestNG.java:1208)
at org.testng.TestNG.runSuitesLocally(TestNG.java:1137)
at org.testng.TestNG.runSuites(TestNG.java:1049)
at org.testng.TestNG.run(TestNG.java:1017)
at org.testng.remote.AbstractRemoteTestNG.run(AbstractRemoteTestNG.java:114)
at org.testng.remote.RemoteTestNG.initAndRun(RemoteTestNG.java:251)
at org.testng.remote.RemoteTestNG.main(RemoteTestNG.java:77)
]]>
            </full-stacktrace>
          </exception> <!-- java.lang.NumberFormatException -->
          <reporter-output>
          </reporter-output>
        </test-method> <!-- test1 -->
      </class> <!-- TestNG_FrameWork.ExceptionTimeout -->
      <class name="TestNG_FrameWork.InvocationCount">
        <test-method status="PASS" signature="sum()[pri:0, instance:TestNG_FrameWork.InvocationCount@2a556333]" name="sum" duration-ms="2" started-at="2018-08-17T08:36:39Z" finished-at="2018-08-17T08:36:39Z">
          <reporter-output>
          </reporter-output>
        </test-method> <!-- sum -->
        <test-method status="PASS" signature="sum()[pri:0, instance:TestNG_FrameWork.InvocationCount@2a556333]" name="sum" duration-ms="3" started-at="2018-08-17T08:36:39Z" finished-at="2018-08-17T08:36:39Z">
          <reporter-output>
          </reporter-output>
        </test-method> <!-- sum -->
        <test-method status="PASS" signature="sum()[pri:0, instance:TestNG_FrameWork.InvocationCount@2a556333]" name="sum" duration-ms="2" started-at="2018-08-17T08:36:39Z" finished-at="2018-08-17T08:36:39Z">
          <reporter-output>
          </reporter-output>
        </test-method> <!-- sum -->
        <test-method status="PASS" signature="sum()[pri:0, instance:TestNG_FrameWork.InvocationCount@2a556333]" name="sum" duration-ms="2" started-at="2018-08-17T08:36:39Z" finished-at="2018-08-17T08:36:39Z">
          <reporter-output>
          </reporter-output>
        </test-method> <!-- sum -->
        <test-method status="PASS" signature="sum()[pri:0, instance:TestNG_FrameWork.InvocationCount@2a556333]" name="sum" duration-ms="2" started-at="2018-08-17T08:36:39Z" finished-at="2018-08-17T08:36:39Z">
          <reporter-output>
          </reporter-output>
        </test-method> <!-- sum -->
      </class> <!-- TestNG_FrameWork.InvocationCount -->
      <class name="TestNG_FrameWork.TestNG_Basic">
        <test-method status="PASS" signature="login()[pri:0, instance:TestNG_FrameWork.TestNG_Basic@86be70a]" name="login" is-config="true" duration-ms="0" started-at="2018-08-17T08:36:39Z" finished-at="2018-08-17T08:36:39Z">
          <reporter-output>
          </reporter-output>
        </test-method> <!-- login -->
        <test-method status="PASS" signature="getTitle()[pri:0, instance:TestNG_FrameWork.TestNG_Basic@86be70a]" name="getTitle" duration-ms="2" started-at="2018-08-17T08:36:39Z" finished-at="2018-08-17T08:36:39Z">
          <reporter-output>
          </reporter-output>
        </test-method> <!-- getTitle -->
        <test-method status="PASS" signature="enterurl()[pri:0, instance:TestNG_FrameWork.TestNG_Basic@86be70a]" name="enterurl" is-config="true" duration-ms="0" started-at="2018-08-17T08:36:39Z" finished-at="2018-08-17T08:36:39Z">
          <reporter-output>
          </reporter-output>
        </test-method> <!-- enterurl -->
        <test-method status="PASS" signature="logout()[pri:0, instance:TestNG_FrameWork.TestNG_Basic@86be70a]" name="logout" is-config="true" duration-ms="0" started-at="2018-08-17T08:36:39Z" finished-at="2018-08-17T08:36:39Z">
          <reporter-output>
          </reporter-output>
        </test-method> <!-- logout -->
        <test-method status="PASS" signature="enterurl()[pri:0, instance:TestNG_FrameWork.TestNG_Basic@86be70a]" name="enterurl" is-config="true" duration-ms="0" started-at="2018-08-17T08:36:39Z" finished-at="2018-08-17T08:36:39Z">
          <reporter-output>
          </reporter-output>
        </test-method> <!-- enterurl -->
        <test-method status="PASS" signature="searchText()[pri:0, instance:TestNG_FrameWork.TestNG_Basic@86be70a]" name="searchText" duration-ms="2" started-at="2018-08-17T08:36:39Z" finished-at="2018-08-17T08:36:39Z">
          <reporter-output>
          </reporter-output>
        </test-method> <!-- searchText -->
        <test-method status="PASS" signature="closebrowser()[pri:0, instance:TestNG_FrameWork.TestNG_Basic@86be70a]" name="closebrowser" is-config="true" duration-ms="1" started-at="2018-08-17T08:36:39Z" finished-at="2018-08-17T08:36:39Z">
          <reporter-output>
          </reporter-output>
        </test-method> <!-- closebrowser -->
        <test-method status="PASS" signature="logout()[pri:0, instance:TestNG_FrameWork.TestNG_Basic@86be70a]" name="logout" is-config="true" duration-ms="0" started-at="2018-08-17T08:36:39Z" finished-at="2018-08-17T08:36:39Z">
          <reporter-output>
          </reporter-output>
        </test-method> <!-- logout -->
      </class> <!-- TestNG_FrameWork.TestNG_Basic -->
      <class name="TestNG_FrameWork.FreeCrmLoginTest">
        <test-method status="PASS" signature="setUpProperty()[pri:0, instance:TestNG_FrameWork.FreeCrmLoginTest@69a3d1d]" name="setUpProperty" is-config="true" duration-ms="33" started-at="2018-08-17T08:36:38Z" finished-at="2018-08-17T08:36:38Z">
          <reporter-output>
          </reporter-output>
        </test-method> <!-- setUpProperty -->
        <test-method status="PASS" signature="setUpProperty()[pri:0, instance:TestNG_FrameWork.TestNG_Basic@86be70a]" name="setUpProperty" is-config="true" duration-ms="1" started-at="2018-08-17T08:36:38Z" finished-at="2018-08-17T08:36:38Z">
          <reporter-output>
          </reporter-output>
        </test-method> <!-- setUpProperty -->
        <test-method status="PASS" signature="unused_1()[pri:0, instance:TestNG_FrameWork.FreeCrmLoginTest@69a3d1d]" name="unused_1" is-config="true" duration-ms="1" started-at="2018-08-17T08:36:38Z" finished-at="2018-08-17T08:36:38Z">
          <reporter-output>
          </reporter-output>
        </test-method> <!-- unused_1 -->
        <test-method status="PASS" signature="launchBrowser()[pri:0, instance:TestNG_FrameWork.TestNG_Basic@86be70a]" name="launchBrowser" is-config="true" duration-ms="0" started-at="2018-08-17T08:36:38Z" finished-at="2018-08-17T08:36:38Z">
          <reporter-output>
          </reporter-output>
        </test-method> <!-- launchBrowser -->
        <test-method status="PASS" signature="unused_2()[pri:0, instance:TestNG_FrameWork.FreeCrmLoginTest@69a3d1d]" name="unused_2" is-config="true" duration-ms="0" started-at="2018-08-17T08:36:38Z" finished-at="2018-08-17T08:36:38Z">
          <reporter-output>
          </reporter-output>
        </test-method> <!-- unused_2 -->
        <test-method status="FAIL" signature="enterurl()[pri:0, instance:TestNG_FrameWork.FreeCrmLoginTest@69a3d1d]" name="enterurl" is-config="true" duration-ms="457" started-at="2018-08-17T08:36:38Z" finished-at="2018-08-17T08:36:39Z">
          <exception class="java.lang.IllegalStateException">
            <message>
              <![CDATA[The driver executable does not exist: C:\Users\Swastik Computers\workspace_ee\TDD_Frame\drivers\chromedriver.exe]]>
            </message>
            <full-stacktrace>
              <![CDATA[java.lang.IllegalStateException: The driver executable does not exist: C:\Users\Swastik Computers\workspace_ee\TDD_Frame\drivers\chromedriver.exe
at com.google.common.base.Preconditions.checkState(Preconditions.java:585)
at org.openqa.selenium.remote.service.DriverService.checkExecutable(DriverService.java:137)
at org.openqa.selenium.remote.service.DriverService.findExecutable(DriverService.java:132)
at org.openqa.selenium.chrome.ChromeDriverService.access$000(ChromeDriverService.java:35)
at org.openqa.selenium.chrome.ChromeDriverService$Builder.findDefaultExecutable(ChromeDriverService.java:156)
at org.openqa.selenium.remote.service.DriverService$Builder.build(DriverService.java:346)
at org.openqa.selenium.chrome.ChromeDriverService.createDefaultService(ChromeDriverService.java:91)
at org.openqa.selenium.chrome.ChromeDriver.<init>(ChromeDriver.java:123)
at TestNG_FrameWork.FreeCrmLoginTest.enterurl(FreeCrmLoginTest.java:42)
at sun.reflect.NativeMethodAccessorImpl.invoke0(Native Method)
at sun.reflect.NativeMethodAccessorImpl.invoke(Unknown Source)
at sun.reflect.DelegatingMethodAccessorImpl.invoke(Unknown Source)
at java.lang.reflect.Method.invoke(Unknown Source)
at org.testng.internal.MethodInvocationHelper.invokeMethod(MethodInvocationHelper.java:124)
at org.testng.internal.MethodInvocationHelper.invokeMethodConsideringTimeout(MethodInvocationHelper.java:59)
at org.testng.internal.Invoker.invokeConfigurationMethod(Invoker.java:455)
at org.testng.internal.Invoker.invokeConfigurations(Invoker.java:222)
at org.testng.internal.Invoker.invokeMethod(Invoker.java:520)
at org.testng.internal.Invoker.invokeTestMethod(Invoker.java:716)
at org.testng.internal.Invoker.invokeTestMethods(Invoker.java:988)
at org.testng.internal.TestMethodWorker.invokeTestMethods(TestMethodWorker.java:125)
at org.testng.internal.TestMethodWorker.run(TestMethodWorker.java:109)
at org.testng.TestRunner.privateRun(TestRunner.java:648)
at org.testng.TestRunner.run(TestRunner.java:505)
at org.testng.SuiteRunner.runTest(SuiteRunner.java:455)
at org.testng.SuiteRunner.runSequentially(SuiteRunner.java:450)
at org.testng.SuiteRunner.privateRun(SuiteRunner.java:415)
at org.testng.SuiteRunner.run(SuiteRunner.java:364)
at org.testng.SuiteRunnerWorker.runSuite(SuiteRunnerWorker.java:52)
at org.testng.SuiteRunnerWorker.run(SuiteRunnerWorker.java:84)
at org.testng.TestNG.runSuitesSequentially(TestNG.java:1208)
at org.testng.TestNG.runSuitesLocally(TestNG.java:1137)
at org.testng.TestNG.runSuites(TestNG.java:1049)
at org.testng.TestNG.run(TestNG.java:1017)
at org.testng.remote.AbstractRemoteTestNG.run(AbstractRemoteTestNG.java:114)
at org.testng.remote.RemoteTestNG.initAndRun(RemoteTestNG.java:251)
at org.testng.remote.RemoteTestNG.main(RemoteTestNG.java:77)
]]>
            </full-stacktrace>
          </exception> <!-- java.lang.IllegalStateException -->
          <reporter-output>
          </reporter-output>
        </test-method> <!-- enterurl -->
        <test-method status="SKIP" signature="logindetails()[pri:0, instance:TestNG_FrameWork.FreeCrmLoginTest@69a3d1d]" name="logindetails" duration-ms="0" started-at="2018-08-17T08:36:39Z" finished-at="2018-08-17T08:36:39Z">
          <exception class="java.lang.IllegalStateException">
            <message>
              <![CDATA[The driver executable does not exist: C:\Users\Swastik Computers\workspace_ee\TDD_Frame\drivers\chromedriver.exe]]>
            </message>
            <full-stacktrace>
              <![CDATA[java.lang.IllegalStateException: The driver executable does not exist: C:\Users\Swastik Computers\workspace_ee\TDD_Frame\drivers\chromedriver.exe
at com.google.common.base.Preconditions.checkState(Preconditions.java:585)
at org.openqa.selenium.remote.service.DriverService.checkExecutable(DriverService.java:137)
at org.openqa.selenium.remote.service.DriverService.findExecutable(DriverService.java:132)
at org.openqa.selenium.chrome.ChromeDriverService.access$000(ChromeDriverService.java:35)
at org.openqa.selenium.chrome.ChromeDriverService$Builder.findDefaultExecutable(ChromeDriverService.java:156)
at org.openqa.selenium.remote.service.DriverService$Builder.build(DriverService.java:346)
at org.openqa.selenium.chrome.ChromeDriverService.createDefaultService(ChromeDriverService.java:91)
at org.openqa.selenium.chrome.ChromeDriver.<init>(ChromeDriver.java:123)
at TestNG_FrameWork.FreeCrmLoginTest.enterurl(FreeCrmLoginTest.java:42)
at sun.reflect.NativeMethodAccessorImpl.invoke0(Native Method)
at sun.reflect.NativeMethodAccessorImpl.invoke(Unknown Source)
at sun.reflect.DelegatingMethodAccessorImpl.invoke(Unknown Source)
at java.lang.reflect.Method.invoke(Unknown Source)
at org.testng.internal.MethodInvocationHelper.invokeMethod(MethodInvocationHelper.java:124)
at org.testng.internal.MethodInvocationHelper.invokeMethodConsideringTimeout(MethodInvocationHelper.java:59)
at org.testng.internal.Invoker.invokeConfigurationMethod(Invoker.java:455)
at org.testng.internal.Invoker.invokeConfigurations(Invoker.java:222)
at org.testng.internal.Invoker.invokeMethod(Invoker.java:520)
at org.testng.internal.Invoker.invokeTestMethod(Invoker.java:716)
at org.testng.internal.Invoker.invokeTestMethods(Invoker.java:988)
at org.testng.internal.TestMethodWorker.invokeTestMethods(TestMethodWorker.java:125)
at org.testng.internal.TestMethodWorker.run(TestMethodWorker.java:109)
at org.testng.TestRunner.privateRun(TestRunner.java:648)
at org.testng.TestRunner.run(TestRunner.java:505)
at org.testng.SuiteRunner.runTest(SuiteRunner.java:455)
at org.testng.SuiteRunner.runSequentially(SuiteRunner.java:450)
at org.testng.SuiteRunner.privateRun(SuiteRunner.java:415)
at org.testng.SuiteRunner.run(SuiteRunner.java:364)
at org.testng.SuiteRunnerWorker.runSuite(SuiteRunnerWorker.java:52)
at org.testng.SuiteRunnerWorker.run(SuiteRunnerWorker.java:84)
at org.testng.TestNG.runSuitesSequentially(TestNG.java:1208)
at org.testng.TestNG.runSuitesLocally(TestNG.java:1137)
at org.testng.TestNG.runSuites(TestNG.java:1049)
at org.testng.TestNG.run(TestNG.java:1017)
at org.testng.remote.AbstractRemoteTestNG.run(AbstractRemoteTestNG.java:114)
at org.testng.remote.RemoteTestNG.initAndRun(RemoteTestNG.java:251)
at org.testng.remote.RemoteTestNG.main(RemoteTestNG.java:77)
]]>
            </full-stacktrace>
          </exception> <!-- java.lang.IllegalStateException -->
          <reporter-output>
          </reporter-output>
        </test-method> <!-- logindetails -->
        <test-method status="SKIP" signature="logout()[pri:0, instance:TestNG_FrameWork.FreeCrmLoginTest@69a3d1d]" name="logout" is-config="true" duration-ms="0" started-at="2018-08-17T08:36:39Z" finished-at="2018-08-17T08:36:39Z">
          <reporter-output>
          </reporter-output>
        </test-method> <!-- logout -->
        <test-method status="SKIP" signature="unused_3()[pri:0, instance:TestNG_FrameWork.FreeCrmLoginTest@69a3d1d]" name="unused_3" is-config="true" duration-ms="0" started-at="2018-08-17T08:36:39Z" finished-at="2018-08-17T08:36:39Z">
          <reporter-output>
          </reporter-output>
        </test-method> <!-- unused_3 -->
        <test-method status="SKIP" signature="deletecookies()[pri:0, instance:TestNG_FrameWork.FreeCrmLoginTest@69a3d1d]" name="deletecookies" is-config="true" duration-ms="0" started-at="2018-08-17T08:36:39Z" finished-at="2018-08-17T08:36:39Z">
          <reporter-output>
          </reporter-output>
        </test-method> <!-- deletecookies -->
        <test-method status="SKIP" signature="deletecookies()[pri:0, instance:TestNG_FrameWork.TestNG_Basic@86be70a]" name="deletecookies" is-config="true" duration-ms="0" started-at="2018-08-17T08:36:39Z" finished-at="2018-08-17T08:36:39Z">
          <reporter-output>
          </reporter-output>
        </test-method> <!-- deletecookies -->
        <test-method status="SKIP" signature="printreport()[pri:0, instance:TestNG_FrameWork.FreeCrmLoginTest@69a3d1d]" name="printreport" is-config="true" duration-ms="0" started-at="2018-08-17T08:36:39Z" finished-at="2018-08-17T08:36:39Z">
          <reporter-output>
          </reporter-output>
        </test-method> <!-- printreport -->
        <test-method status="SKIP" signature="printreport()[pri:0, instance:TestNG_FrameWork.TestNG_Basic@86be70a]" name="printreport" is-config="true" duration-ms="0" started-at="2018-08-17T08:36:39Z" finished-at="2018-08-17T08:36:39Z">
          <reporter-output>
          </reporter-output>
        </test-method> <!-- printreport -->
      </class> <!-- TestNG_FrameWork.FreeCrmLoginTest -->
    </test> <!-- Different class execute -->
  </suite> <!-- TestNG Concepts -->
</testng-results>
